Analysis & Synthesis report for exp1
Wed Mar 15 19:43:38 2023
Quartus II 64-Bit Version 13.0.1 Build 232 06/12/2013 Service Pack 1 SJ Full Version


---------------------
; Table of Contents ;
---------------------
  1. Legal Notice
  2. Analysis & Synthesis Summary
  3. Analysis & Synthesis Settings
  4. Parallel Compilation
  5. Analysis & Synthesis Source Files Read
  6. Analysis & Synthesis Resource Usage Summary
  7. Analysis & Synthesis Resource Utilization by Entity
  8. Analysis & Synthesis RAM Summary
  9. Analysis & Synthesis IP Cores Summary
 10. Registers Removed During Synthesis
 11. General Register Statistics
 12. Inverted Register Statistics
 13. Multiplexer Restructuring Statistics (Restructuring Performed)
 14. Source assignments for CROM:inst3|altsyncram:altsyncram_component|altsyncram_5pb1:auto_generated|altsyncram_e7d2:altsyncram1
 15. Parameter Settings for User Entity Instance: CROM:inst3|altsyncram:altsyncram_component
 16. altsyncram Parameter Settings by Entity Instance
 17. In-System Memory Content Editor Settings
 18. Elapsed Time Per Partition
 19. Analysis & Synthesis Messages



----------------
; Legal Notice ;
----------------
Copyright (C) 1991-2013 Altera Corporation
Your use of Altera Corporation's design tools, logic functions 
and other software and tools, and its AMPP partner logic 
functions, and any output files from any of the foregoing 
(including device programming or simulation files), and any 
associated documentation or information are expressly subject 
to the terms and conditions of the Altera Program License 
Subscription Agreement, Altera MegaCore Function License 
Agreement, or other applicable license agreement, including, 
without limitation, that your use is for the sole purpose of 
programming logic devices manufactured by Altera and sold by 
Altera or its authorized distributors.  Please refer to the 
applicable agreement for further details.



+---------------------------------------------------------------------------------------+
; Analysis & Synthesis Summary                                                          ;
+------------------------------------+--------------------------------------------------+
; Analysis & Synthesis Status        ; Successful - Wed Mar 15 19:43:38 2023            ;
; Quartus II 64-Bit Version          ; 13.0.1 Build 232 06/12/2013 SP 1 SJ Full Version ;
; Revision Name                      ; exp1                                             ;
; Top-level Entity Name              ; exp1                                             ;
; Family                             ; Cyclone IV E                                     ;
; Total logic elements               ; 277                                              ;
;     Total combinational functions  ; 236                                              ;
;     Dedicated logic registers      ; 160                                              ;
; Total registers                    ; 160                                              ;
; Total pins                         ; 10                                               ;
; Total virtual pins                 ; 0                                                ;
; Total memory bits                  ; 6,144                                            ;
; Embedded Multiplier 9-bit elements ; 0                                                ;
; Total PLLs                         ; 0                                                ;
+------------------------------------+--------------------------------------------------+


+----------------------------------------------------------------------------------------------------------------------+
; Analysis & Synthesis Settings                                                                                        ;
+----------------------------------------------------------------------------+--------------------+--------------------+
; Option                                                                     ; Setting            ; Default Value      ;
+----------------------------------------------------------------------------+--------------------+--------------------+
; Device                                                                     ; EP4CE6E22C8        ;                    ;
; Top-level entity name                                                      ; exp1               ; exp1               ;
; Family name                                                                ; Cyclone IV E       ; Cyclone IV GX      ;
; Use smart compilation                                                      ; Off                ; Off                ;
; Enable parallel Assembler and TimeQuest Timing Analyzer during compilation ; On                 ; On                 ;
; Enable compact report table                                                ; Off                ; Off                ;
; Restructure Multiplexers                                                   ; Auto               ; Auto               ;
; Create Debugging Nodes for IP Cores                                        ; Off                ; Off                ;
; Preserve fewer node names                                                  ; On                 ; On                 ;
; Disable OpenCore Plus hardware evaluation                                  ; Off                ; Off                ;
; Verilog Version                                                            ; Verilog_2001       ; Verilog_2001       ;
; VHDL Version                                                               ; VHDL_1993          ; VHDL_1993          ;
; State Machine Processing                                                   ; Auto               ; Auto               ;
; Safe State Machine                                                         ; Off                ; Off                ;
; Extract Verilog State Machines                                             ; On                 ; On                 ;
; Extract VHDL State Machines                                                ; On                 ; On                 ;
; Ignore Verilog initial constructs                                          ; Off                ; Off                ;
; Iteration limit for constant Verilog loops                                 ; 5000               ; 5000               ;
; Iteration limit for non-constant Verilog loops                             ; 250                ; 250                ;
; Add Pass-Through Logic to Inferred RAMs                                    ; On                 ; On                 ;
; Infer RAMs from Raw Logic                                                  ; On                 ; On                 ;
; Parallel Synthesis                                                         ; On                 ; On                 ;
; DSP Block Balancing                                                        ; Auto               ; Auto               ;
; NOT Gate Push-Back                                                         ; On                 ; On                 ;
; Power-Up Don't Care                                                        ; On                 ; On                 ;
; Remove Redundant Logic Cells                                               ; Off                ; Off                ;
; Remove Duplicate Registers                                                 ; On                 ; On                 ;
; Ignore CARRY Buffers                                                       ; Off                ; Off                ;
; Ignore CASCADE Buffers                                                     ; Off                ; Off                ;
; Ignore GLOBAL Buffers                                                      ; Off                ; Off                ;
; Ignore ROW GLOBAL Buffers                                                  ; Off                ; Off                ;
; Ignore LCELL Buffers                                                       ; Off                ; Off                ;
; Ignore SOFT Buffers                                                        ; On                 ; On                 ;
; Limit AHDL Integers to 32 Bits                                             ; Off                ; Off                ;
; Optimization Technique                                                     ; Balanced           ; Balanced           ;
; Carry Chain Length                                                         ; 70                 ; 70                 ;
; Auto Carry Chains                                                          ; On                 ; On                 ;
; Auto Open-Drain Pins                                                       ; On                 ; On                 ;
; Perform WYSIWYG Primitive Resynthesis                                      ; Off                ; Off                ;
; Auto ROM Replacement                                                       ; On                 ; On                 ;
; Auto RAM Replacement                                                       ; On                 ; On                 ;
; Auto DSP Block Replacement                                                 ; On                 ; On                 ;
; Auto Shift Register Replacement                                            ; Auto               ; Auto               ;
; Allow Shift Register Merging across Hierarchies                            ; Auto               ; Auto               ;
; Auto Clock Enable Replacement                                              ; On                 ; On                 ;
; Strict RAM Replacement                                                     ; Off                ; Off                ;
; Allow Synchronous Control Signals                                          ; On                 ; On                 ;
; Force Use of Synchronous Clear Signals                                     ; Off                ; Off                ;
; Auto RAM Block Balancing                                                   ; On                 ; On                 ;
; Auto RAM to Logic Cell Conversion                                          ; Off                ; Off                ;
; Auto Resource Sharing                                                      ; Off                ; Off                ;
; Allow Any RAM Size For Recognition                                         ; Off                ; Off                ;
; Allow Any ROM Size For Recognition                                         ; Off                ; Off                ;
; Allow Any Shift Register Size For Recognition                              ; Off                ; Off                ;
; Use LogicLock Constraints during Resource Balancing                        ; On                 ; On                 ;
; Ignore translate_off and synthesis_off directives                          ; Off                ; Off                ;
; Timing-Driven Synthesis                                                    ; On                 ; On                 ;
; Report Parameter Settings                                                  ; On                 ; On                 ;
; Report Source Assignments                                                  ; On                 ; On                 ;
; Report Connectivity Checks                                                 ; On                 ; On                 ;
; Ignore Maximum Fan-Out Assignments                                         ; Off                ; Off                ;
; Synchronization Register Chain Length                                      ; 2                  ; 2                  ;
; PowerPlay Power Optimization                                               ; Normal compilation ; Normal compilation ;
; HDL message level                                                          ; Level2             ; Level2             ;
; Suppress Register Optimization Related Messages                            ; Off                ; Off                ;
; Number of Removed Registers Reported in Synthesis Report                   ; 5000               ; 5000               ;
; Number of Swept Nodes Reported in Synthesis Report                         ; 5000               ; 5000               ;
; Number of Inverted Registers Reported in Synthesis Report                  ; 100                ; 100                ;
; Clock MUX Protection                                                       ; On                 ; On                 ;
; Auto Gated Clock Conversion                                                ; Off                ; Off                ;
; Block Design Naming                                                        ; Auto               ; Auto               ;
; SDC constraint protection                                                  ; Off                ; Off                ;
; Synthesis Effort                                                           ; Auto               ; Auto               ;
; Shift Register Replacement - Allow Asynchronous Clear Signal               ; On                 ; On                 ;
; Pre-Mapping Resynthesis Optimization                                       ; Off                ; Off                ;
; Analysis & Synthesis Message Level                                         ; Medium             ; Medium             ;
; Disable Register Merging Across Hierarchies                                ; Auto               ; Auto               ;
; Resource Aware Inference For Block RAM                                     ; On                 ; On                 ;
; Synthesis Seed                                                             ; 1                  ; 1                  ;
+----------------------------------------------------------------------------+--------------------+--------------------+


+------------------------------------------+
; Parallel Compilation                     ;
+----------------------------+-------------+
; Processors                 ; Number      ;
+----------------------------+-------------+
; Number detected on machine ; 20          ;
; Maximum allowed            ; 14          ;
;                            ;             ;
; Average used               ; 1.00        ;
; Maximum used               ; 1           ;
;                            ;             ;
; Usage by Processor         ; % Time Used ;
;     Processor 1            ; 100.0%      ;
;     Processors 2-20        ;   0.0%      ;
+----------------------------+-------------+


+----------------------------------------------------------------------------------------------------------------------------------------------------------------------------------+
; Analysis & Synthesis Source Files Read                                                                                                                                           ;
+----------------------------------+-----------------+---------------------------------------+---------------------------------------------------------------------------+---------+
; File Name with User-Entered Path ; Used in Netlist ; File Type                             ; File Name with Absolute Path                                              ; Library ;
+----------------------------------+-----------------+---------------------------------------+---------------------------------------------------------------------------+---------+
; exp1.bdf                         ; yes             ; User Block Diagram/Schematic File     ; E:/code/Quartus/cpu/exp1/exp1.bdf                                         ;         ;
; CROM.vhd                         ; yes             ; User Wizard-Generated File            ; E:/code/Quartus/cpu/exp1/CROM.vhd                                         ;         ;
; exp1.hex                         ; yes             ; User Hexadecimal (Intel-Format) File  ; E:/code/Quartus/cpu/exp1/exp1.hex                                         ;         ;
; 74273.bdf                        ; yes             ; Megafunction                          ; d:/software/quartus/quartus/libraries/others/maxplus2/74273.bdf           ;         ;
; 74181.bdf                        ; yes             ; Megafunction                          ; d:/software/quartus/quartus/libraries/others/maxplus2/74181.bdf           ;         ;
; altsyncram.tdf                   ; yes             ; Megafunction                          ; d:/software/quartus/quartus/libraries/megafunctions/altsyncram.tdf        ;         ;
; stratix_ram_block.inc            ; yes             ; Megafunction                          ; d:/software/quartus/quartus/libraries/megafunctions/stratix_ram_block.inc ;         ;
; lpm_mux.inc                      ; yes             ; Megafunction                          ; d:/software/quartus/quartus/libraries/megafunctions/lpm_mux.inc           ;         ;
; lpm_decode.inc                   ; yes             ; Megafunction                          ; d:/software/quartus/quartus/libraries/megafunctions/lpm_decode.inc        ;         ;
; aglobal130.inc                   ; yes             ; Megafunction                          ; d:/software/quartus/quartus/libraries/megafunctions/aglobal130.inc        ;         ;
; a_rdenreg.inc                    ; yes             ; Megafunction                          ; d:/software/quartus/quartus/libraries/megafunctions/a_rdenreg.inc         ;         ;
; altrom.inc                       ; yes             ; Megafunction                          ; d:/software/quartus/quartus/libraries/megafunctions/altrom.inc            ;         ;
; altram.inc                       ; yes             ; Megafunction                          ; d:/software/quartus/quartus/libraries/megafunctions/altram.inc            ;         ;
; altdpram.inc                     ; yes             ; Megafunction                          ; d:/software/quartus/quartus/libraries/megafunctions/altdpram.inc          ;         ;
; db/altsyncram_5pb1.tdf           ; yes             ; Auto-Generated Megafunction           ; E:/code/Quartus/cpu/exp1/db/altsyncram_5pb1.tdf                           ;         ;
; db/altsyncram_e7d2.tdf           ; yes             ; Auto-Generated Megafunction           ; E:/code/Quartus/cpu/exp1/db/altsyncram_e7d2.tdf                           ;         ;
; sld_mod_ram_rom.vhd              ; yes             ; Encrypted Megafunction                ; d:/software/quartus/quartus/libraries/megafunctions/sld_mod_ram_rom.vhd   ;         ;
; sld_rom_sr.vhd                   ; yes             ; Encrypted Megafunction                ; d:/software/quartus/quartus/libraries/megafunctions/sld_rom_sr.vhd        ;         ;
; 74182.bdf                        ; yes             ; Megafunction                          ; d:/software/quartus/quartus/libraries/others/maxplus2/74182.bdf           ;         ;
; sld_hub.vhd                      ; yes             ; Encrypted Megafunction                ; d:/software/quartus/quartus/libraries/megafunctions/sld_hub.vhd           ;         ;
; sld_jtag_hub.vhd                 ; yes             ; Encrypted Megafunction                ; d:/software/quartus/quartus/libraries/megafunctions/sld_jtag_hub.vhd      ;         ;
+----------------------------------+-----------------+---------------------------------------+---------------------------------------------------------------------------+---------+


+------------------------------------------------------------------------+
; Analysis & Synthesis Resource Usage Summary                            ;
+---------------------------------------------+--------------------------+
; Resource                                    ; Usage                    ;
+---------------------------------------------+--------------------------+
; Estimated Total logic elements              ; 277                      ;
;                                             ;                          ;
; Total combinational functions               ; 236                      ;
; Logic element usage by number of LUT inputs ;                          ;
;     -- 4 input functions                    ; 102                      ;
;     -- 3 input functions                    ; 66                       ;
;     -- <=2 input functions                  ; 68                       ;
;                                             ;                          ;
; Logic elements by mode                      ;                          ;
;     -- normal mode                          ; 213                      ;
;     -- arithmetic mode                      ; 23                       ;
;                                             ;                          ;
; Total registers                             ; 160                      ;
;     -- Dedicated logic registers            ; 160                      ;
;     -- I/O registers                        ; 0                        ;
;                                             ;                          ;
; I/O pins                                    ; 10                       ;
; Total memory bits                           ; 6144                     ;
; Embedded Multiplier 9-bit elements          ; 0                        ;
; Maximum fan-out node                        ; altera_internal_jtag~TDO ;
; Maximum fan-out                             ; 180                      ;
; Total fan-out                               ; 1691                     ;
; Average fan-out                             ; 3.77                     ;
+---------------------------------------------+--------------------------+


+---------------------------------------------------------------------------------------------------------------------------------------------------------------------------------------------------------------------------------------------------------------------------------------------------------------------------------------------------------------+
; Analysis & Synthesis Resource Utilization by Entity                                                                                                                                                                                                                                                                                                           ;
+---------------------------------------------------------------------+-------------------+--------------+-------------+--------------+---------+-----------+------+--------------+--------------------------------------------------------------------------------------------------------------------------------------------------------------+--------------+
; Compilation Hierarchy Node                                          ; LC Combinationals ; LC Registers ; Memory Bits ; DSP Elements ; DSP 9x9 ; DSP 18x18 ; Pins ; Virtual Pins ; Full Hierarchy Name                                                                                                                                          ; Library Name ;
+---------------------------------------------------------------------+-------------------+--------------+-------------+--------------+---------+-----------+------+--------------+--------------------------------------------------------------------------------------------------------------------------------------------------------------+--------------+
; |exp1                                                               ; 236 (8)           ; 160 (4)      ; 6144        ; 0            ; 0       ; 0         ; 10   ; 0            ; |exp1                                                                                                                                                        ; work         ;
;    |74181:inst1|                                                    ; 16 (16)           ; 0 (0)        ; 0           ; 0            ; 0       ; 0         ; 0    ; 0            ; |exp1|74181:inst1                                                                                                                                            ; work         ;
;    |74181:inst|                                                     ; 16 (16)           ; 0 (0)        ; 0           ; 0            ; 0       ; 0         ; 0    ; 0            ; |exp1|74181:inst                                                                                                                                             ; work         ;
;    |74182:inst2|                                                    ; 2 (2)             ; 0 (0)        ; 0           ; 0            ; 0       ; 0         ; 0    ; 0            ; |exp1|74182:inst2                                                                                                                                            ; work         ;
;    |74273:R0|                                                       ; 0 (0)             ; 8 (8)        ; 0           ; 0            ; 0       ; 0         ; 0    ; 0            ; |exp1|74273:R0                                                                                                                                               ; work         ;
;    |74273:R1|                                                       ; 0 (0)             ; 8 (8)        ; 0           ; 0            ; 0       ; 0         ; 0    ; 0            ; |exp1|74273:R1                                                                                                                                               ; work         ;
;    |74273:R2|                                                       ; 0 (0)             ; 8 (8)        ; 0           ; 0            ; 0       ; 0         ; 0    ; 0            ; |exp1|74273:R2                                                                                                                                               ; work         ;
;    |CROM:inst3|                                                     ; 81 (0)            ; 52 (0)       ; 6144        ; 0            ; 0       ; 0         ; 0    ; 0            ; |exp1|CROM:inst3                                                                                                                                             ; work         ;
;       |altsyncram:altsyncram_component|                             ; 81 (0)            ; 52 (0)       ; 6144        ; 0            ; 0       ; 0         ; 0    ; 0            ; |exp1|CROM:inst3|altsyncram:altsyncram_component                                                                                                             ; work         ;
;          |altsyncram_5pb1:auto_generated|                           ; 81 (0)            ; 52 (0)       ; 6144        ; 0            ; 0       ; 0         ; 0    ; 0            ; |exp1|CROM:inst3|altsyncram:altsyncram_component|altsyncram_5pb1:auto_generated                                                                              ; work         ;
;             |altsyncram_e7d2:altsyncram1|                           ; 0 (0)             ; 0 (0)        ; 6144        ; 0            ; 0       ; 0         ; 0    ; 0            ; |exp1|CROM:inst3|altsyncram:altsyncram_component|altsyncram_5pb1:auto_generated|altsyncram_e7d2:altsyncram1                                                  ; work         ;
;             |sld_mod_ram_rom:mgl_prim2|                             ; 81 (59)           ; 52 (43)      ; 0           ; 0            ; 0       ; 0         ; 0    ; 0            ; |exp1|CROM:inst3|altsyncram:altsyncram_component|altsyncram_5pb1:auto_generated|sld_mod_ram_rom:mgl_prim2                                                    ; work         ;
;                |sld_rom_sr:\ram_rom_logic_gen:name_gen:info_rom_sr| ; 22 (22)           ; 9 (9)        ; 0           ; 0            ; 0       ; 0         ; 0    ; 0            ; |exp1|CROM:inst3|altsyncram:altsyncram_component|altsyncram_5pb1:auto_generated|sld_mod_ram_rom:mgl_prim2|sld_rom_sr:\ram_rom_logic_gen:name_gen:info_rom_sr ; work         ;
;    |sld_hub:auto_hub|                                               ; 113 (1)           ; 80 (0)       ; 0           ; 0            ; 0       ; 0         ; 0    ; 0            ; |exp1|sld_hub:auto_hub                                                                                                                                       ; work         ;
;       |sld_jtag_hub:\jtag_hub_gen:sld_jtag_hub_inst|                ; 112 (75)          ; 80 (52)      ; 0           ; 0            ; 0       ; 0         ; 0    ; 0            ; |exp1|sld_hub:auto_hub|sld_jtag_hub:\jtag_hub_gen:sld_jtag_hub_inst                                                                                          ; work         ;
;          |sld_rom_sr:hub_info_reg|                                  ; 20 (20)           ; 9 (9)        ; 0           ; 0            ; 0       ; 0         ; 0    ; 0            ; |exp1|sld_hub:auto_hub|sld_jtag_hub:\jtag_hub_gen:sld_jtag_hub_inst|sld_rom_sr:hub_info_reg                                                                  ; work         ;
;          |sld_shadow_jsm:shadow_jsm|                                ; 17 (17)           ; 19 (19)      ; 0           ; 0            ; 0       ; 0         ; 0    ; 0            ; |exp1|sld_hub:auto_hub|sld_jtag_hub:\jtag_hub_gen:sld_jtag_hub_inst|sld_shadow_jsm:shadow_jsm                                                                ; work         ;
+---------------------------------------------------------------------+-------------------+--------------+-------------+--------------+---------+-----------+------+--------------+--------------------------------------------------------------------------------------------------------------------------------------------------------------+--------------+
Note: For table entries with two numbers listed, the numbers in parentheses indicate the number of resources of the given type used by the specific entity alone. The numbers listed outside of parentheses indicate the total resources of the given type used by the specific entity and all of its sub-entities in the hierarchy.


+------------------------------------------------------------------------------------------------------------------------------------------------------------------------------------------------------------------------+
; Analysis & Synthesis RAM Summary                                                                                                                                                                                       ;
+------------------------------------------------------------------------------------------------------------------+------+----------------+--------------+--------------+--------------+--------------+------+----------+
; Name                                                                                                             ; Type ; Mode           ; Port A Depth ; Port A Width ; Port B Depth ; Port B Width ; Size ; MIF      ;
+------------------------------------------------------------------------------------------------------------------+------+----------------+--------------+--------------+--------------+--------------+------+----------+
; CROM:inst3|altsyncram:altsyncram_component|altsyncram_5pb1:auto_generated|altsyncram_e7d2:altsyncram1|ALTSYNCRAM ; AUTO ; True Dual Port ; 256          ; 24           ; 256          ; 24           ; 6144 ; exp1.hex ;
+------------------------------------------------------------------------------------------------------------------+------+----------------+--------------+--------------+--------------+--------------+------+----------+


+----------------------------------------------------------------------------------------------------------------------+
; Analysis & Synthesis IP Cores Summary                                                                                ;
+--------+--------------+---------+--------------+--------------+------------------+-----------------------------------+
; Vendor ; IP Core Name ; Version ; Release Date ; License Type ; Entity Instance  ; IP Include File                   ;
+--------+--------------+---------+--------------+--------------+------------------+-----------------------------------+
; Altera ; ROM: 1-PORT  ; 13.0    ; N/A          ; N/A          ; |exp1|CROM:inst3 ; E:/code/Quartus/cpu/exp1/CROM.vhd ;
+--------+--------------+---------+--------------+--------------+------------------+-----------------------------------+


+------------------------------------------------------------------------------+
; Registers Removed During Synthesis                                           ;
+---------------------------------------+--------------------------------------+
; Register name                         ; Reason for Removal                   ;
+---------------------------------------+--------------------------------------+
; inst8                                 ; Stuck at GND due to stuck port clock ;
; inst9                                 ; Stuck at GND due to stuck port clock ;
; inst10                                ; Stuck at GND due to stuck port clock ;
; inst11                                ; Stuck at GND due to stuck port clock ;
; Total Number of Removed Registers = 4 ;                                      ;
+---------------------------------------+--------------------------------------+


+------------------------------------------------------+
; General Register Statistics                          ;
+----------------------------------------------+-------+
; Statistic                                    ; Value ;
+----------------------------------------------+-------+
; Total registers                              ; 160   ;
; Number of registers using Synchronous Clear  ; 17    ;
; Number of registers using Synchronous Load   ; 19    ;
; Number of registers using Asynchronous Clear ; 75    ;
; Number of registers using Asynchronous Load  ; 0     ;
; Number of registers using Clock Enable       ; 99    ;
; Number of registers using Preset             ; 0     ;
+----------------------------------------------+-------+


+----------------------------------------------------------------------------------------+
; Inverted Register Statistics                                                           ;
+------------------------------------------------------------------------------+---------+
; Inverted Register                                                            ; Fan out ;
+------------------------------------------------------------------------------+---------+
; sld_hub:auto_hub|sld_jtag_hub:\jtag_hub_gen:sld_jtag_hub_inst|tdo            ; 1       ;
; sld_hub:auto_hub|sld_jtag_hub:\jtag_hub_gen:sld_jtag_hub_inst|jtag_ir_reg[2] ; 2       ;
; sld_hub:auto_hub|sld_jtag_hub:\jtag_hub_gen:sld_jtag_hub_inst|jtag_ir_reg[1] ; 3       ;
; Total number of inverted registers = 3                                       ;         ;
+------------------------------------------------------------------------------+---------+


+--------------------------------------------------------------------------------------------------------------------------------------------------------------------------------------------------------------------------------------------------------------------------------------------+
; Multiplexer Restructuring Statistics (Restructuring Performed)                                                                                                                                                                                                                             ;
+--------------------+-----------+---------------+----------------------+------------------------+------------+------------------------------------------------------------------------------------------------------------------------------------------------------------------------------+
; Multiplexer Inputs ; Bus Width ; Baseline Area ; Area if Restructured ; Saving if Restructured ; Registered ; Example Multiplexer Output                                                                                                                                                   ;
+--------------------+-----------+---------------+----------------------+------------------------+------------+------------------------------------------------------------------------------------------------------------------------------------------------------------------------------+
; 3:1                ; 5 bits    ; 10 LEs        ; 5 LEs                ; 5 LEs                  ; Yes        ; |exp1|CROM:inst3|altsyncram:altsyncram_component|altsyncram_5pb1:auto_generated|sld_mod_ram_rom:mgl_prim2|ram_rom_data_shift_cntr_reg[1]                                     ;
; 3:1                ; 24 bits   ; 48 LEs        ; 24 LEs               ; 24 LEs                 ; Yes        ; |exp1|CROM:inst3|altsyncram:altsyncram_component|altsyncram_5pb1:auto_generated|sld_mod_ram_rom:mgl_prim2|ram_rom_data_reg[0]                                                ;
; 3:1                ; 8 bits    ; 16 LEs        ; 8 LEs                ; 8 LEs                  ; Yes        ; |exp1|CROM:inst3|altsyncram:altsyncram_component|altsyncram_5pb1:auto_generated|sld_mod_ram_rom:mgl_prim2|ram_rom_addr_reg[6]                                                ;
; 5:1                ; 5 bits    ; 15 LEs        ; 5 LEs                ; 10 LEs                 ; Yes        ; |exp1|CROM:inst3|altsyncram:altsyncram_component|altsyncram_5pb1:auto_generated|sld_mod_ram_rom:mgl_prim2|sld_rom_sr:\ram_rom_logic_gen:name_gen:info_rom_sr|word_counter[0] ;
; 24:1               ; 4 bits    ; 64 LEs        ; 44 LEs               ; 20 LEs                 ; Yes        ; |exp1|CROM:inst3|altsyncram:altsyncram_component|altsyncram_5pb1:auto_generated|sld_mod_ram_rom:mgl_prim2|sld_rom_sr:\ram_rom_logic_gen:name_gen:info_rom_sr|WORD_SR[3]      ;
+--------------------+-----------+---------------+----------------------+------------------------+------------+------------------------------------------------------------------------------------------------------------------------------------------------------------------------------+


+------------------------------------------------------------------------------------------------------------------------------+
; Source assignments for CROM:inst3|altsyncram:altsyncram_component|altsyncram_5pb1:auto_generated|altsyncram_e7d2:altsyncram1 ;
+---------------------------------+--------------------+------+----------------------------------------------------------------+
; Assignment                      ; Value              ; From ; To                                                             ;
+---------------------------------+--------------------+------+----------------------------------------------------------------+
; OPTIMIZE_POWER_DURING_SYNTHESIS ; NORMAL_COMPILATION ; -    ; -                                                              ;
+---------------------------------+--------------------+------+----------------------------------------------------------------+


+-----------------------------------------------------------------------------------------+
; Parameter Settings for User Entity Instance: CROM:inst3|altsyncram:altsyncram_component ;
+------------------------------------+----------------------+-----------------------------+
; Parameter Name                     ; Value                ; Type                        ;
+------------------------------------+----------------------+-----------------------------+
; BYTE_SIZE_BLOCK                    ; 8                    ; Untyped                     ;
; AUTO_CARRY_CHAINS                  ; ON                   ; AUTO_CARRY                  ;
; IGNORE_CARRY_BUFFERS               ; OFF                  ; IGNORE_CARRY                ;
; AUTO_CASCADE_CHAINS                ; ON                   ; AUTO_CASCADE                ;
; IGNORE_CASCADE_BUFFERS             ; OFF                  ; IGNORE_CASCADE              ;
; WIDTH_BYTEENA                      ; 1                    ; Untyped                     ;
; OPERATION_MODE                     ; ROM                  ; Untyped                     ;
; WIDTH_A                            ; 24                   ; Signed Integer              ;
; WIDTHAD_A                          ; 8                    ; Signed Integer              ;
; NUMWORDS_A                         ; 256                  ; Signed Integer              ;
; OUTDATA_REG_A                      ; UNREGISTERED         ; Untyped                     ;
; ADDRESS_ACLR_A                     ; NONE                 ; Untyped                     ;
; OUTDATA_ACLR_A                     ; NONE                 ; Untyped                     ;
; WRCONTROL_ACLR_A                   ; NONE                 ; Untyped                     ;
; INDATA_ACLR_A                      ; NONE                 ; Untyped                     ;
; BYTEENA_ACLR_A                     ; NONE                 ; Untyped                     ;
; WIDTH_B                            ; 1                    ; Untyped                     ;
; WIDTHAD_B                          ; 1                    ; Untyped                     ;
; NUMWORDS_B                         ; 1                    ; Untyped                     ;
; INDATA_REG_B                       ; CLOCK1               ; Untyped                     ;
; WRCONTROL_WRADDRESS_REG_B          ; CLOCK1               ; Untyped                     ;
; RDCONTROL_REG_B                    ; CLOCK1               ; Untyped                     ;
; ADDRESS_REG_B                      ; CLOCK1               ; Untyped                     ;
; OUTDATA_REG_B                      ; UNREGISTERED         ; Untyped                     ;
; BYTEENA_REG_B                      ; CLOCK1               ; Untyped                     ;
; INDATA_ACLR_B                      ; NONE                 ; Untyped                     ;
; WRCONTROL_ACLR_B                   ; NONE                 ; Untyped                     ;
; ADDRESS_ACLR_B                     ; NONE                 ; Untyped                     ;
; OUTDATA_ACLR_B                     ; NONE                 ; Untyped                     ;
; RDCONTROL_ACLR_B                   ; NONE                 ; Untyped                     ;
; BYTEENA_ACLR_B                     ; NONE                 ; Untyped                     ;
; WIDTH_BYTEENA_A                    ; 1                    ; Signed Integer              ;
; WIDTH_BYTEENA_B                    ; 1                    ; Untyped                     ;
; RAM_BLOCK_TYPE                     ; AUTO                 ; Untyped                     ;
; BYTE_SIZE                          ; 8                    ; Untyped                     ;
; READ_DURING_WRITE_MODE_MIXED_PORTS ; DONT_CARE            ; Untyped                     ;
; READ_DURING_WRITE_MODE_PORT_A      ; NEW_DATA_NO_NBE_READ ; Untyped                     ;
; READ_DURING_WRITE_MODE_PORT_B      ; NEW_DATA_NO_NBE_READ ; Untyped                     ;
; INIT_FILE                          ; exp1.hex             ; Untyped                     ;
; INIT_FILE_LAYOUT                   ; PORT_A               ; Untyped                     ;
; MAXIMUM_DEPTH                      ; 0                    ; Untyped                     ;
; CLOCK_ENABLE_INPUT_A               ; BYPASS               ; Untyped                     ;
; CLOCK_ENABLE_INPUT_B               ; NORMAL               ; Untyped                     ;
; CLOCK_ENABLE_OUTPUT_A              ; BYPASS               ; Untyped                     ;
; CLOCK_ENABLE_OUTPUT_B              ; NORMAL               ; Untyped                     ;
; CLOCK_ENABLE_CORE_A                ; USE_INPUT_CLKEN      ; Untyped                     ;
; CLOCK_ENABLE_CORE_B                ; USE_INPUT_CLKEN      ; Untyped                     ;
; ENABLE_ECC                         ; FALSE                ; Untyped                     ;
; ECC_PIPELINE_STAGE_ENABLED         ; FALSE                ; Untyped                     ;
; WIDTH_ECCSTATUS                    ; 3                    ; Untyped                     ;
; DEVICE_FAMILY                      ; Cyclone IV E         ; Untyped                     ;
; CBXI_PARAMETER                     ; altsyncram_5pb1      ; Untyped                     ;
+------------------------------------+----------------------+-----------------------------+
Note: In order to hide this table in the UI and the text report file, please set the "Show Parameter Settings in Synthesis Report" option in "Analysis and Synthesis Settings -> More Settings" to "Off".


+----------------------------------------------------------------------------------------+
; altsyncram Parameter Settings by Entity Instance                                       ;
+-------------------------------------------+--------------------------------------------+
; Name                                      ; Value                                      ;
+-------------------------------------------+--------------------------------------------+
; Number of entity instances                ; 1                                          ;
; Entity Instance                           ; CROM:inst3|altsyncram:altsyncram_component ;
;     -- OPERATION_MODE                     ; ROM                                        ;
;     -- WIDTH_A                            ; 24                                         ;
;     -- NUMWORDS_A                         ; 256                                        ;
;     -- OUTDATA_REG_A                      ; UNREGISTERED                               ;
;     -- WIDTH_B                            ; 1                                          ;
;     -- NUMWORDS_B                         ; 1                                          ;
;     -- ADDRESS_REG_B                      ; CLOCK1                                     ;
;     -- OUTDATA_REG_B                      ; UNREGISTERED                               ;
;     -- RAM_BLOCK_TYPE                     ; AUTO                                       ;
;     -- READ_DURING_WRITE_MODE_MIXED_PORTS ; DONT_CARE                                  ;
+-------------------------------------------+--------------------------------------------+


+---------------------------------------------------------------------------------------------------------------------------------------+
; In-System Memory Content Editor Settings                                                                                              ;
+----------------+-------------+-------+-------+------------+---------------------------------------------------------------------------+
; Instance Index ; Instance ID ; Width ; Depth ; Mode       ; Hierarchy Location                                                        ;
+----------------+-------------+-------+-------+------------+---------------------------------------------------------------------------+
; 0              ; CROM        ; 24    ; 256   ; Read/Write ; CROM:inst3|altsyncram:altsyncram_component|altsyncram_5pb1:auto_generated ;
+----------------+-------------+-------+-------+------------+---------------------------------------------------------------------------+


+-------------------------------+
; Elapsed Time Per Partition    ;
+----------------+--------------+
; Partition Name ; Elapsed Time ;
+----------------+--------------+
; Top            ; 00:00:00     ;
+----------------+--------------+


+-------------------------------+
; Analysis & Synthesis Messages ;
+-------------------------------+
Info: *******************************************************************
Info: Running Quartus II 64-Bit Analysis & Synthesis
    Info: Version 13.0.1 Build 232 06/12/2013 Service Pack 1 SJ Full Version
    Info: Processing started: Wed Mar 15 19:43:37 2023
Info: Command: quartus_map --read_settings_files=on --write_settings_files=off exp1 -c exp1
Info (11104): Parallel Compilation has detected 20 hyper-threaded processors. However, the extra hyper-threaded processors will not be used by default. Parallel Compilation will use 14 of the 14 physical processors detected instead.
Info (12021): Found 1 design units, including 1 entities, in source file exp1.bdf
    Info (12023): Found entity 1: exp1
Info (12021): Found 2 design units, including 1 entities, in source file crom.vhd
    Info (12022): Found design unit 1: crom-SYN
    Info (12023): Found entity 1: CROM
Info (12127): Elaborating entity "exp1" for the top level hierarchy
Warning (275013): Port "CLK" of type DFF and instance "inst8" is missing source signal
Info (12128): Elaborating entity "74273" for hierarchy "74273:R2"
Info (12130): Elaborated megafunction instantiation "74273:R2"
Info (12128): Elaborating entity "74181" for hierarchy "74181:inst1"
Info (12130): Elaborated megafunction instantiation "74181:inst1"
Info (12128): Elaborating entity "CROM" for hierarchy "CROM:inst3"
Info (12128): Elaborating entity "altsyncram" for hierarchy "CROM:inst3|altsyncram:altsyncram_component"
Info (12130): Elaborated megafunction instantiation "CROM:inst3|altsyncram:altsyncram_component"
Info (12133): Instantiated megafunction "CROM:inst3|altsyncram:altsyncram_component" with the following parameter:
    Info (12134): Parameter "address_aclr_a" = "NONE"
    Info (12134): Parameter "clock_enable_input_a" = "BYPASS"
    Info (12134): Parameter "clock_enable_output_a" = "BYPASS"
    Info (12134): Parameter "init_file" = "exp1.hex"
    Info (12134): Parameter "intended_device_family" = "Cyclone IV E"
    Info (12134): Parameter "lpm_hint" = "ENABLE_RUNTIME_MOD=YES,INSTANCE_NAME=CROM"
    Info (12134): Parameter "lpm_type" = "altsyncram"
    Info (12134): Parameter "numwords_a" = "256"
    Info (12134): Parameter "operation_mode" = "ROM"
    Info (12134): Parameter "outdata_aclr_a" = "NONE"
    Info (12134): Parameter "outdata_reg_a" = "UNREGISTERED"
    Info (12134): Parameter "widthad_a" = "8"
    Info (12134): Parameter "width_a" = "24"
    Info (12134): Parameter "width_byteena_a" = "1"
Info (12021): Found 1 design units, including 1 entities, in source file db/altsyncram_5pb1.tdf
    Info (12023): Found entity 1: altsyncram_5pb1
Info (12128): Elaborating entity "altsyncram_5pb1" for hierarchy "CROM:inst3|altsyncram:altsyncram_component|altsyncram_5pb1:auto_generated"
Info (12021): Found 1 design units, including 1 entities, in source file db/altsyncram_e7d2.tdf
    Info (12023): Found entity 1: altsyncram_e7d2
Info (12128): Elaborating entity "altsyncram_e7d2" for hierarchy "CROM:inst3|altsyncram:altsyncram_component|altsyncram_5pb1:auto_generated|altsyncram_e7d2:altsyncram1"
Info (12128): Elaborating entity "sld_mod_ram_rom" for hierarchy "CROM:inst3|altsyncram:altsyncram_component|altsyncram_5pb1:auto_generated|sld_mod_ram_rom:mgl_prim2"
Info (12130): Elaborated megafunction instantiation "CROM:inst3|altsyncram:altsyncram_component|altsyncram_5pb1:auto_generated|sld_mod_ram_rom:mgl_prim2"
Info (12133): Instantiated megafunction "CROM:inst3|altsyncram:altsyncram_component|altsyncram_5pb1:auto_generated|sld_mod_ram_rom:mgl_prim2" with the following parameter:
    Info (12134): Parameter "CVALUE" = "000000000000000000000000"
    Info (12134): Parameter "IS_DATA_IN_RAM" = "1"
    Info (12134): Parameter "IS_READABLE" = "1"
    Info (12134): Parameter "NODE_NAME" = "1129467725"
    Info (12134): Parameter "NUMWORDS" = "256"
    Info (12134): Parameter "SHIFT_COUNT_BITS" = "5"
    Info (12134): Parameter "WIDTH_WORD" = "24"
    Info (12134): Parameter "WIDTHAD" = "8"
Info (12128): Elaborating entity "sld_rom_sr" for hierarchy "CROM:inst3|altsyncram:altsyncram_component|altsyncram_5pb1:auto_generated|sld_mod_ram_rom:mgl_prim2|sld_rom_sr:\ram_rom_logic_gen:name_gen:info_rom_sr"
Info (12128): Elaborating entity "74182" for hierarchy "74182:inst2"
Info (12130): Elaborated megafunction instantiation "74182:inst2"
Info (13014): Ignored 30 buffer(s)
    Info (13019): Ignored 30 SOFT buffer(s)
Info (286031): Timing-Driven Synthesis is running on partition "Top"
Info (16010): Generating hard_block partition "hard_block:auto_generated_inst"
    Info (16011): Adding 0 node(s), including 0 DDIO, 0 PLL, 0 transceiver and 0 LCELL
Info (21057): Implemented 319 device resources after synthesis - the final resource count might be different
    Info (21058): Implemented 5 input pins
    Info (21059): Implemented 9 output pins
    Info (21061): Implemented 280 logic cells
    Info (21064): Implemented 24 RAM segments
Info: Quartus II 64-Bit Analysis & Synthesis was successful. 0 errors, 1 warning
    Info: Peak virtual memory: 4662 megabytes
    Info: Processing ended: Wed Mar 15 19:43:38 2023
    Info: Elapsed time: 00:00:01
    Info: Total CPU time (on all processors): 00:00:02


